<?xml version="1.0" encoding="UTF-8"?>
<testsuite xmlns:xsi="http://www.w3.org/2001/XMLSchema-instance" xsi:noNamespaceSchemaLocation="https://maven.apache.org/surefire/maven-surefire-plugin/xsd/surefire-test-report-3.0.xsd" version="3.0" name="com.programmingtech.product.service.ApplicationTests" time="0.906" tests="1" errors="1" skipped="0" failures="0">
  <properties>
    <property name="java.specification.version" value="17"/>
    <property name="sun.cpu.isalist" value="amd64"/>
    <property name="sun.jnu.encoding" value="GBK"/>
    <property name="java.class.path" value="D:\Program Files (x86)\practiceCode\microservices-new\product-service\target\test-classes;D:\Program Files (x86)\practiceCode\microservices-new\product-service\target\classes;D:\cczuixihuan\Maven\apache-maven-3.8.1\Maven仓库\org\springframework\boot\spring-boot-starter-data-mongodb\3.2.3\spring-boot-starter-data-mongodb-3.2.3.jar;D:\cczuixihuan\Maven\apache-maven-3.8.1\Maven仓库\org\springframework\boot\spring-boot-starter\3.2.3\spring-boot-starter-3.2.3.jar;D:\cczuixihuan\Maven\apache-maven-3.8.1\Maven仓库\org\springframework\boot\spring-boot\3.2.3\spring-boot-3.2.3.jar;D:\cczuixihuan\Maven\apache-maven-3.8.1\Maven仓库\org\springframework\boot\spring-boot-autoconfigure\3.2.3\spring-boot-autoconfigure-3.2.3.jar;D:\cczuixihuan\Maven\apache-maven-3.8.1\Maven仓库\org\springframework\boot\spring-boot-starter-logging\3.2.3\spring-boot-starter-logging-3.2.3.jar;D:\cczuixihuan\Maven\apache-maven-3.8.1\Maven仓库\ch\qos\logback\logback-classic\1.4.14\logback-classic-1.4.14.jar;D:\cczuixihuan\Maven\apache-maven-3.8.1\Maven仓库\ch\qos\logback\logback-core\1.4.14\logback-core-1.4.14.jar;D:\cczuixihuan\Maven\apache-maven-3.8.1\Maven仓库\org\apache\logging\log4j\log4j-to-slf4j\2.21.1\log4j-to-slf4j-2.21.1.jar;D:\cczuixihuan\Maven\apache-maven-3.8.1\Maven仓库\org\apache\logging\log4j\log4j-api\2.21.1\log4j-api-2.21.1.jar;D:\cczuixihuan\Maven\apache-maven-3.8.1\Maven仓库\org\slf4j\jul-to-slf4j\2.0.12\jul-to-slf4j-2.0.12.jar;D:\cczuixihuan\Maven\apache-maven-3.8.1\Maven仓库\jakarta\annotation\jakarta.annotation-api\2.1.1\jakarta.annotation-api-2.1.1.jar;D:\cczuixihuan\Maven\apache-maven-3.8.1\Maven仓库\org\yaml\snakeyaml\2.2\snakeyaml-2.2.jar;D:\cczuixihuan\Maven\apache-maven-3.8.1\Maven仓库\org\mongodb\mongodb-driver-sync\4.11.1\mongodb-driver-sync-4.11.1.jar;D:\cczuixihuan\Maven\apache-maven-3.8.1\Maven仓库\org\mongodb\bson\4.11.1\bson-4.11.1.jar;D:\cczuixihuan\Maven\apache-maven-3.8.1\Maven仓库\org\mongodb\mongodb-driver-core\4.11.1\mongodb-driver-core-4.11.1.jar;D:\cczuixihuan\Maven\apache-maven-3.8.1\Maven仓库\org\mongodb\bson-record-codec\4.11.1\bson-record-codec-4.11.1.jar;D:\cczuixihuan\Maven\apache-maven-3.8.1\Maven仓库\org\springframework\data\spring-data-mongodb\4.2.3\spring-data-mongodb-4.2.3.jar;D:\cczuixihuan\Maven\apache-maven-3.8.1\Maven仓库\org\springframework\spring-tx\6.1.4\spring-tx-6.1.4.jar;D:\cczuixihuan\Maven\apache-maven-3.8.1\Maven仓库\org\springframework\spring-context\6.1.4\spring-context-6.1.4.jar;D:\cczuixihuan\Maven\apache-maven-3.8.1\Maven仓库\org\springframework\spring-beans\6.1.4\spring-beans-6.1.4.jar;D:\cczuixihuan\Maven\apache-maven-3.8.1\Maven仓库\org\springframework\spring-expression\6.1.4\spring-expression-6.1.4.jar;D:\cczuixihuan\Maven\apache-maven-3.8.1\Maven仓库\org\springframework\data\spring-data-commons\3.2.3\spring-data-commons-3.2.3.jar;D:\cczuixihuan\Maven\apache-maven-3.8.1\Maven仓库\org\springframework\boot\spring-boot-starter-web\3.2.3\spring-boot-starter-web-3.2.3.jar;D:\cczuixihuan\Maven\apache-maven-3.8.1\Maven仓库\org\springframework\boot\spring-boot-starter-json\3.2.3\spring-boot-starter-json-3.2.3.jar;D:\cczuixihuan\Maven\apache-maven-3.8.1\Maven仓库\com\fasterxml\jackson\core\jackson-databind\2.15.4\jackson-databind-2.15.4.jar;D:\cczuixihuan\Maven\apache-maven-3.8.1\Maven仓库\com\fasterxml\jackson\core\jackson-core\2.15.4\jackson-core-2.15.4.jar;D:\cczuixihuan\Maven\apache-maven-3.8.1\Maven仓库\com\fasterxml\jackson\datatype\jackson-datatype-jdk8\2.15.4\jackson-datatype-jdk8-2.15.4.jar;D:\cczuixihuan\Maven\apache-maven-3.8.1\Maven仓库\com\fasterxml\jackson\datatype\jackson-datatype-jsr310\2.15.4\jackson-datatype-jsr310-2.15.4.jar;D:\cczuixihuan\Maven\apache-maven-3.8.1\Maven仓库\com\fasterxml\jackson\module\jackson-module-parameter-names\2.15.4\jackson-module-parameter-names-2.15.4.jar;D:\cczuixihuan\Maven\apache-maven-3.8.1\Maven仓库\org\springframework\boot\spring-boot-starter-tomcat\3.2.3\spring-boot-starter-tomcat-3.2.3.jar;D:\cczuixihuan\Maven\apache-maven-3.8.1\Maven仓库\org\apache\tomcat\embed\tomcat-embed-core\10.1.19\tomcat-embed-core-10.1.19.jar;D:\cczuixihuan\Maven\apache-maven-3.8.1\Maven仓库\org\apache\tomcat\embed\tomcat-embed-el\10.1.19\tomcat-embed-el-10.1.19.jar;D:\cczuixihuan\Maven\apache-maven-3.8.1\Maven仓库\org\apache\tomcat\embed\tomcat-embed-websocket\10.1.19\tomcat-embed-websocket-10.1.19.jar;D:\cczuixihuan\Maven\apache-maven-3.8.1\Maven仓库\org\springframework\spring-web\6.1.4\spring-web-6.1.4.jar;D:\cczuixihuan\Maven\apache-maven-3.8.1\Maven仓库\io\micrometer\micrometer-observation\1.12.3\micrometer-observation-1.12.3.jar;D:\cczuixihuan\Maven\apache-maven-3.8.1\Maven仓库\io\micrometer\micrometer-commons\1.12.3\micrometer-commons-1.12.3.jar;D:\cczuixihuan\Maven\apache-maven-3.8.1\Maven仓库\org\springframework\spring-webmvc\6.1.4\spring-webmvc-6.1.4.jar;D:\cczuixihuan\Maven\apache-maven-3.8.1\Maven仓库\org\springframework\spring-aop\6.1.4\spring-aop-6.1.4.jar;D:\cczuixihuan\Maven\apache-maven-3.8.1\Maven仓库\org\projectlombok\lombok\1.18.30\lombok-1.18.30.jar;D:\cczuixihuan\Maven\apache-maven-3.8.1\Maven仓库\org\springframework\boot\spring-boot-starter-test\3.2.3\spring-boot-starter-test-3.2.3.jar;D:\cczuixihuan\Maven\apache-maven-3.8.1\Maven仓库\org\springframework\boot\spring-boot-test\3.2.3\spring-boot-test-3.2.3.jar;D:\cczuixihuan\Maven\apache-maven-3.8.1\Maven仓库\org\springframework\boot\spring-boot-test-autoconfigure\3.2.3\spring-boot-test-autoconfigure-3.2.3.jar;D:\cczuixihuan\Maven\apache-maven-3.8.1\Maven仓库\com\jayway\jsonpath\json-path\2.9.0\json-path-2.9.0.jar;D:\cczuixihuan\Maven\apache-maven-3.8.1\Maven仓库\jakarta\xml\bind\jakarta.xml.bind-api\4.0.1\jakarta.xml.bind-api-4.0.1.jar;D:\cczuixihuan\Maven\apache-maven-3.8.1\Maven仓库\jakarta\activation\jakarta.activation-api\2.1.2\jakarta.activation-api-2.1.2.jar;D:\cczuixihuan\Maven\apache-maven-3.8.1\Maven仓库\net\minidev\json-smart\2.5.0\json-smart-2.5.0.jar;D:\cczuixihuan\Maven\apache-maven-3.8.1\Maven仓库\net\minidev\accessors-smart\2.5.0\accessors-smart-2.5.0.jar;D:\cczuixihuan\Maven\apache-maven-3.8.1\Maven仓库\org\ow2\asm\asm\9.3\asm-9.3.jar;D:\cczuixihuan\Maven\apache-maven-3.8.1\Maven仓库\org\assertj\assertj-core\3.24.2\assertj-core-3.24.2.jar;D:\cczuixihuan\Maven\apache-maven-3.8.1\Maven仓库\net\bytebuddy\byte-buddy\1.14.12\byte-buddy-1.14.12.jar;D:\cczuixihuan\Maven\apache-maven-3.8.1\Maven仓库\org\awaitility\awaitility\4.2.0\awaitility-4.2.0.jar;D:\cczuixihuan\Maven\apache-maven-3.8.1\Maven仓库\org\hamcrest\hamcrest\2.2\hamcrest-2.2.jar;D:\cczuixihuan\Maven\apache-maven-3.8.1\Maven仓库\org\junit\jupiter\junit-jupiter\5.10.2\junit-jupiter-5.10.2.jar;D:\cczuixihuan\Maven\apache-maven-3.8.1\Maven仓库\org\junit\jupiter\junit-jupiter-api\5.10.2\junit-jupiter-api-5.10.2.jar;D:\cczuixihuan\Maven\apache-maven-3.8.1\Maven仓库\org\opentest4j\opentest4j\1.3.0\opentest4j-1.3.0.jar;D:\cczuixihuan\Maven\apache-maven-3.8.1\Maven仓库\org\junit\platform\junit-platform-commons\1.10.2\junit-platform-commons-1.10.2.jar;D:\cczuixihuan\Maven\apache-maven-3.8.1\Maven仓库\org\apiguardian\apiguardian-api\1.1.2\apiguardian-api-1.1.2.jar;D:\cczuixihuan\Maven\apache-maven-3.8.1\Maven仓库\org\junit\jupiter\junit-jupiter-params\5.10.2\junit-jupiter-params-5.10.2.jar;D:\cczuixihuan\Maven\apache-maven-3.8.1\Maven仓库\org\junit\jupiter\junit-jupiter-engine\5.10.2\junit-jupiter-engine-5.10.2.jar;D:\cczuixihuan\Maven\apache-maven-3.8.1\Maven仓库\org\junit\platform\junit-platform-engine\1.10.2\junit-platform-engine-1.10.2.jar;D:\cczuixihuan\Maven\apache-maven-3.8.1\Maven仓库\org\mockito\mockito-core\5.7.0\mockito-core-5.7.0.jar;D:\cczuixihuan\Maven\apache-maven-3.8.1\Maven仓库\net\bytebuddy\byte-buddy-agent\1.14.12\byte-buddy-agent-1.14.12.jar;D:\cczuixihuan\Maven\apache-maven-3.8.1\Maven仓库\org\objenesis\objenesis\3.3\objenesis-3.3.jar;D:\cczuixihuan\Maven\apache-maven-3.8.1\Maven仓库\org\mockito\mockito-junit-jupiter\5.7.0\mockito-junit-jupiter-5.7.0.jar;D:\cczuixihuan\Maven\apache-maven-3.8.1\Maven仓库\org\skyscreamer\jsonassert\1.5.1\jsonassert-1.5.1.jar;D:\cczuixihuan\Maven\apache-maven-3.8.1\Maven仓库\com\vaadin\external\google\android-json\0.0.20131108.vaadin1\android-json-0.0.20131108.vaadin1.jar;D:\cczuixihuan\Maven\apache-maven-3.8.1\Maven仓库\org\springframework\spring-core\6.1.4\spring-core-6.1.4.jar;D:\cczuixihuan\Maven\apache-maven-3.8.1\Maven仓库\org\springframework\spring-jcl\6.1.4\spring-jcl-6.1.4.jar;D:\cczuixihuan\Maven\apache-maven-3.8.1\Maven仓库\org\springframework\spring-test\6.1.4\spring-test-6.1.4.jar;D:\cczuixihuan\Maven\apache-maven-3.8.1\Maven仓库\org\xmlunit\xmlunit-core\2.9.1\xmlunit-core-2.9.1.jar;D:\cczuixihuan\Maven\apache-maven-3.8.1\Maven仓库\org\testcontainers\mongodb\1.19.6\mongodb-1.19.6.jar;D:\cczuixihuan\Maven\apache-maven-3.8.1\Maven仓库\org\testcontainers\testcontainers\1.19.6\testcontainers-1.19.6.jar;D:\cczuixihuan\Maven\apache-maven-3.8.1\Maven仓库\junit\junit\4.13.2\junit-4.13.2.jar;D:\cczuixihuan\Maven\apache-maven-3.8.1\Maven仓库\org\hamcrest\hamcrest-core\2.2\hamcrest-core-2.2.jar;D:\cczuixihuan\Maven\apache-maven-3.8.1\Maven仓库\org\apache\commons\commons-compress\1.24.0\commons-compress-1.24.0.jar;D:\cczuixihuan\Maven\apache-maven-3.8.1\Maven仓库\org\rnorth\duct-tape\duct-tape\1.0.8\duct-tape-1.0.8.jar;D:\cczuixihuan\Maven\apache-maven-3.8.1\Maven仓库\org\jetbrains\annotations\17.0.0\annotations-17.0.0.jar;D:\cczuixihuan\Maven\apache-maven-3.8.1\Maven仓库\com\github\docker-java\docker-java-transport-zerodep\3.3.5\docker-java-transport-zerodep-3.3.5.jar;D:\cczuixihuan\Maven\apache-maven-3.8.1\Maven仓库\com\github\docker-java\docker-java-transport\3.3.5\docker-java-transport-3.3.5.jar;D:\cczuixihuan\Maven\apache-maven-3.8.1\Maven仓库\net\java\dev\jna\jna\5.13.0\jna-5.13.0.jar;D:\cczuixihuan\Maven\apache-maven-3.8.1\Maven仓库\org\testcontainers\junit-jupiter\1.19.6\junit-jupiter-1.19.6.jar;D:\cczuixihuan\Maven\apache-maven-3.8.1\Maven仓库\com\github\docker-java\docker-java-api\3.3.3\docker-java-api-3.3.3.jar;D:\cczuixihuan\Maven\apache-maven-3.8.1\Maven仓库\com\fasterxml\jackson\core\jackson-annotations\2.15.4\jackson-annotations-2.15.4.jar;D:\cczuixihuan\Maven\apache-maven-3.8.1\Maven仓库\org\slf4j\slf4j-api\2.0.12\slf4j-api-2.0.12.jar;"/>
    <property name="java.vm.vendor" value="Oracle Corporation"/>
    <property name="sun.arch.data.model" value="64"/>
    <property name="user.variant" value=""/>
    <property name="java.vendor.url" value="https://java.oracle.com/"/>
    <property name="user.timezone" value="Asia/Shanghai"/>
    <property name="os.name" value="Windows 11"/>
    <property name="java.vm.specification.version" value="17"/>
    <property name="sun.java.launcher" value="SUN_STANDARD"/>
    <property name="user.country" value="CN"/>
    <property name="sun.boot.library.path" value="D:\Program Files\Java\jdk-17\bin"/>
    <property name="sun.java.command" value="C:\Users\GH-022\AppData\Local\Temp\surefire10393809130942013367\surefirebooter-20240229120137059_3.jar C:\Users\GH-022\AppData\Local\Temp\surefire10393809130942013367 2024-02-29T12-01-36_785-jvmRun1 surefire-20240229120137059_1tmp surefire_0-20240229120137059_2tmp"/>
    <property name="jdk.debug" value="release"/>
    <property name="surefire.test.class.path" value="D:\Program Files (x86)\practiceCode\microservices-new\product-service\target\test-classes;D:\Program Files (x86)\practiceCode\microservices-new\product-service\target\classes;D:\cczuixihuan\Maven\apache-maven-3.8.1\Maven仓库\org\springframework\boot\spring-boot-starter-data-mongodb\3.2.3\spring-boot-starter-data-mongodb-3.2.3.jar;D:\cczuixihuan\Maven\apache-maven-3.8.1\Maven仓库\org\springframework\boot\spring-boot-starter\3.2.3\spring-boot-starter-3.2.3.jar;D:\cczuixihuan\Maven\apache-maven-3.8.1\Maven仓库\org\springframework\boot\spring-boot\3.2.3\spring-boot-3.2.3.jar;D:\cczuixihuan\Maven\apache-maven-3.8.1\Maven仓库\org\springframework\boot\spring-boot-autoconfigure\3.2.3\spring-boot-autoconfigure-3.2.3.jar;D:\cczuixihuan\Maven\apache-maven-3.8.1\Maven仓库\org\springframework\boot\spring-boot-starter-logging\3.2.3\spring-boot-starter-logging-3.2.3.jar;D:\cczuixihuan\Maven\apache-maven-3.8.1\Maven仓库\ch\qos\logback\logback-classic\1.4.14\logback-classic-1.4.14.jar;D:\cczuixihuan\Maven\apache-maven-3.8.1\Maven仓库\ch\qos\logback\logback-core\1.4.14\logback-core-1.4.14.jar;D:\cczuixihuan\Maven\apache-maven-3.8.1\Maven仓库\org\apache\logging\log4j\log4j-to-slf4j\2.21.1\log4j-to-slf4j-2.21.1.jar;D:\cczuixihuan\Maven\apache-maven-3.8.1\Maven仓库\org\apache\logging\log4j\log4j-api\2.21.1\log4j-api-2.21.1.jar;D:\cczuixihuan\Maven\apache-maven-3.8.1\Maven仓库\org\slf4j\jul-to-slf4j\2.0.12\jul-to-slf4j-2.0.12.jar;D:\cczuixihuan\Maven\apache-maven-3.8.1\Maven仓库\jakarta\annotation\jakarta.annotation-api\2.1.1\jakarta.annotation-api-2.1.1.jar;D:\cczuixihuan\Maven\apache-maven-3.8.1\Maven仓库\org\yaml\snakeyaml\2.2\snakeyaml-2.2.jar;D:\cczuixihuan\Maven\apache-maven-3.8.1\Maven仓库\org\mongodb\mongodb-driver-sync\4.11.1\mongodb-driver-sync-4.11.1.jar;D:\cczuixihuan\Maven\apache-maven-3.8.1\Maven仓库\org\mongodb\bson\4.11.1\bson-4.11.1.jar;D:\cczuixihuan\Maven\apache-maven-3.8.1\Maven仓库\org\mongodb\mongodb-driver-core\4.11.1\mongodb-driver-core-4.11.1.jar;D:\cczuixihuan\Maven\apache-maven-3.8.1\Maven仓库\org\mongodb\bson-record-codec\4.11.1\bson-record-codec-4.11.1.jar;D:\cczuixihuan\Maven\apache-maven-3.8.1\Maven仓库\org\springframework\data\spring-data-mongodb\4.2.3\spring-data-mongodb-4.2.3.jar;D:\cczuixihuan\Maven\apache-maven-3.8.1\Maven仓库\org\springframework\spring-tx\6.1.4\spring-tx-6.1.4.jar;D:\cczuixihuan\Maven\apache-maven-3.8.1\Maven仓库\org\springframework\spring-context\6.1.4\spring-context-6.1.4.jar;D:\cczuixihuan\Maven\apache-maven-3.8.1\Maven仓库\org\springframework\spring-beans\6.1.4\spring-beans-6.1.4.jar;D:\cczuixihuan\Maven\apache-maven-3.8.1\Maven仓库\org\springframework\spring-expression\6.1.4\spring-expression-6.1.4.jar;D:\cczuixihuan\Maven\apache-maven-3.8.1\Maven仓库\org\springframework\data\spring-data-commons\3.2.3\spring-data-commons-3.2.3.jar;D:\cczuixihuan\Maven\apache-maven-3.8.1\Maven仓库\org\springframework\boot\spring-boot-starter-web\3.2.3\spring-boot-starter-web-3.2.3.jar;D:\cczuixihuan\Maven\apache-maven-3.8.1\Maven仓库\org\springframework\boot\spring-boot-starter-json\3.2.3\spring-boot-starter-json-3.2.3.jar;D:\cczuixihuan\Maven\apache-maven-3.8.1\Maven仓库\com\fasterxml\jackson\core\jackson-databind\2.15.4\jackson-databind-2.15.4.jar;D:\cczuixihuan\Maven\apache-maven-3.8.1\Maven仓库\com\fasterxml\jackson\core\jackson-core\2.15.4\jackson-core-2.15.4.jar;D:\cczuixihuan\Maven\apache-maven-3.8.1\Maven仓库\com\fasterxml\jackson\datatype\jackson-datatype-jdk8\2.15.4\jackson-datatype-jdk8-2.15.4.jar;D:\cczuixihuan\Maven\apache-maven-3.8.1\Maven仓库\com\fasterxml\jackson\datatype\jackson-datatype-jsr310\2.15.4\jackson-datatype-jsr310-2.15.4.jar;D:\cczuixihuan\Maven\apache-maven-3.8.1\Maven仓库\com\fasterxml\jackson\module\jackson-module-parameter-names\2.15.4\jackson-module-parameter-names-2.15.4.jar;D:\cczuixihuan\Maven\apache-maven-3.8.1\Maven仓库\org\springframework\boot\spring-boot-starter-tomcat\3.2.3\spring-boot-starter-tomcat-3.2.3.jar;D:\cczuixihuan\Maven\apache-maven-3.8.1\Maven仓库\org\apache\tomcat\embed\tomcat-embed-core\10.1.19\tomcat-embed-core-10.1.19.jar;D:\cczuixihuan\Maven\apache-maven-3.8.1\Maven仓库\org\apache\tomcat\embed\tomcat-embed-el\10.1.19\tomcat-embed-el-10.1.19.jar;D:\cczuixihuan\Maven\apache-maven-3.8.1\Maven仓库\org\apache\tomcat\embed\tomcat-embed-websocket\10.1.19\tomcat-embed-websocket-10.1.19.jar;D:\cczuixihuan\Maven\apache-maven-3.8.1\Maven仓库\org\springframework\spring-web\6.1.4\spring-web-6.1.4.jar;D:\cczuixihuan\Maven\apache-maven-3.8.1\Maven仓库\io\micrometer\micrometer-observation\1.12.3\micrometer-observation-1.12.3.jar;D:\cczuixihuan\Maven\apache-maven-3.8.1\Maven仓库\io\micrometer\micrometer-commons\1.12.3\micrometer-commons-1.12.3.jar;D:\cczuixihuan\Maven\apache-maven-3.8.1\Maven仓库\org\springframework\spring-webmvc\6.1.4\spring-webmvc-6.1.4.jar;D:\cczuixihuan\Maven\apache-maven-3.8.1\Maven仓库\org\springframework\spring-aop\6.1.4\spring-aop-6.1.4.jar;D:\cczuixihuan\Maven\apache-maven-3.8.1\Maven仓库\org\projectlombok\lombok\1.18.30\lombok-1.18.30.jar;D:\cczuixihuan\Maven\apache-maven-3.8.1\Maven仓库\org\springframework\boot\spring-boot-starter-test\3.2.3\spring-boot-starter-test-3.2.3.jar;D:\cczuixihuan\Maven\apache-maven-3.8.1\Maven仓库\org\springframework\boot\spring-boot-test\3.2.3\spring-boot-test-3.2.3.jar;D:\cczuixihuan\Maven\apache-maven-3.8.1\Maven仓库\org\springframework\boot\spring-boot-test-autoconfigure\3.2.3\spring-boot-test-autoconfigure-3.2.3.jar;D:\cczuixihuan\Maven\apache-maven-3.8.1\Maven仓库\com\jayway\jsonpath\json-path\2.9.0\json-path-2.9.0.jar;D:\cczuixihuan\Maven\apache-maven-3.8.1\Maven仓库\jakarta\xml\bind\jakarta.xml.bind-api\4.0.1\jakarta.xml.bind-api-4.0.1.jar;D:\cczuixihuan\Maven\apache-maven-3.8.1\Maven仓库\jakarta\activation\jakarta.activation-api\2.1.2\jakarta.activation-api-2.1.2.jar;D:\cczuixihuan\Maven\apache-maven-3.8.1\Maven仓库\net\minidev\json-smart\2.5.0\json-smart-2.5.0.jar;D:\cczuixihuan\Maven\apache-maven-3.8.1\Maven仓库\net\minidev\accessors-smart\2.5.0\accessors-smart-2.5.0.jar;D:\cczuixihuan\Maven\apache-maven-3.8.1\Maven仓库\org\ow2\asm\asm\9.3\asm-9.3.jar;D:\cczuixihuan\Maven\apache-maven-3.8.1\Maven仓库\org\assertj\assertj-core\3.24.2\assertj-core-3.24.2.jar;D:\cczuixihuan\Maven\apache-maven-3.8.1\Maven仓库\net\bytebuddy\byte-buddy\1.14.12\byte-buddy-1.14.12.jar;D:\cczuixihuan\Maven\apache-maven-3.8.1\Maven仓库\org\awaitility\awaitility\4.2.0\awaitility-4.2.0.jar;D:\cczuixihuan\Maven\apache-maven-3.8.1\Maven仓库\org\hamcrest\hamcrest\2.2\hamcrest-2.2.jar;D:\cczuixihuan\Maven\apache-maven-3.8.1\Maven仓库\org\junit\jupiter\junit-jupiter\5.10.2\junit-jupiter-5.10.2.jar;D:\cczuixihuan\Maven\apache-maven-3.8.1\Maven仓库\org\junit\jupiter\junit-jupiter-api\5.10.2\junit-jupiter-api-5.10.2.jar;D:\cczuixihuan\Maven\apache-maven-3.8.1\Maven仓库\org\opentest4j\opentest4j\1.3.0\opentest4j-1.3.0.jar;D:\cczuixihuan\Maven\apache-maven-3.8.1\Maven仓库\org\junit\platform\junit-platform-commons\1.10.2\junit-platform-commons-1.10.2.jar;D:\cczuixihuan\Maven\apache-maven-3.8.1\Maven仓库\org\apiguardian\apiguardian-api\1.1.2\apiguardian-api-1.1.2.jar;D:\cczuixihuan\Maven\apache-maven-3.8.1\Maven仓库\org\junit\jupiter\junit-jupiter-params\5.10.2\junit-jupiter-params-5.10.2.jar;D:\cczuixihuan\Maven\apache-maven-3.8.1\Maven仓库\org\junit\jupiter\junit-jupiter-engine\5.10.2\junit-jupiter-engine-5.10.2.jar;D:\cczuixihuan\Maven\apache-maven-3.8.1\Maven仓库\org\junit\platform\junit-platform-engine\1.10.2\junit-platform-engine-1.10.2.jar;D:\cczuixihuan\Maven\apache-maven-3.8.1\Maven仓库\org\mockito\mockito-core\5.7.0\mockito-core-5.7.0.jar;D:\cczuixihuan\Maven\apache-maven-3.8.1\Maven仓库\net\bytebuddy\byte-buddy-agent\1.14.12\byte-buddy-agent-1.14.12.jar;D:\cczuixihuan\Maven\apache-maven-3.8.1\Maven仓库\org\objenesis\objenesis\3.3\objenesis-3.3.jar;D:\cczuixihuan\Maven\apache-maven-3.8.1\Maven仓库\org\mockito\mockito-junit-jupiter\5.7.0\mockito-junit-jupiter-5.7.0.jar;D:\cczuixihuan\Maven\apache-maven-3.8.1\Maven仓库\org\skyscreamer\jsonassert\1.5.1\jsonassert-1.5.1.jar;D:\cczuixihuan\Maven\apache-maven-3.8.1\Maven仓库\com\vaadin\external\google\android-json\0.0.20131108.vaadin1\android-json-0.0.20131108.vaadin1.jar;D:\cczuixihuan\Maven\apache-maven-3.8.1\Maven仓库\org\springframework\spring-core\6.1.4\spring-core-6.1.4.jar;D:\cczuixihuan\Maven\apache-maven-3.8.1\Maven仓库\org\springframework\spring-jcl\6.1.4\spring-jcl-6.1.4.jar;D:\cczuixihuan\Maven\apache-maven-3.8.1\Maven仓库\org\springframework\spring-test\6.1.4\spring-test-6.1.4.jar;D:\cczuixihuan\Maven\apache-maven-3.8.1\Maven仓库\org\xmlunit\xmlunit-core\2.9.1\xmlunit-core-2.9.1.jar;D:\cczuixihuan\Maven\apache-maven-3.8.1\Maven仓库\org\testcontainers\mongodb\1.19.6\mongodb-1.19.6.jar;D:\cczuixihuan\Maven\apache-maven-3.8.1\Maven仓库\org\testcontainers\testcontainers\1.19.6\testcontainers-1.19.6.jar;D:\cczuixihuan\Maven\apache-maven-3.8.1\Maven仓库\junit\junit\4.13.2\junit-4.13.2.jar;D:\cczuixihuan\Maven\apache-maven-3.8.1\Maven仓库\org\hamcrest\hamcrest-core\2.2\hamcrest-core-2.2.jar;D:\cczuixihuan\Maven\apache-maven-3.8.1\Maven仓库\org\apache\commons\commons-compress\1.24.0\commons-compress-1.24.0.jar;D:\cczuixihuan\Maven\apache-maven-3.8.1\Maven仓库\org\rnorth\duct-tape\duct-tape\1.0.8\duct-tape-1.0.8.jar;D:\cczuixihuan\Maven\apache-maven-3.8.1\Maven仓库\org\jetbrains\annotations\17.0.0\annotations-17.0.0.jar;D:\cczuixihuan\Maven\apache-maven-3.8.1\Maven仓库\com\github\docker-java\docker-java-transport-zerodep\3.3.5\docker-java-transport-zerodep-3.3.5.jar;D:\cczuixihuan\Maven\apache-maven-3.8.1\Maven仓库\com\github\docker-java\docker-java-transport\3.3.5\docker-java-transport-3.3.5.jar;D:\cczuixihuan\Maven\apache-maven-3.8.1\Maven仓库\net\java\dev\jna\jna\5.13.0\jna-5.13.0.jar;D:\cczuixihuan\Maven\apache-maven-3.8.1\Maven仓库\org\testcontainers\junit-jupiter\1.19.6\junit-jupiter-1.19.6.jar;D:\cczuixihuan\Maven\apache-maven-3.8.1\Maven仓库\com\github\docker-java\docker-java-api\3.3.3\docker-java-api-3.3.3.jar;D:\cczuixihuan\Maven\apache-maven-3.8.1\Maven仓库\com\fasterxml\jackson\core\jackson-annotations\2.15.4\jackson-annotations-2.15.4.jar;D:\cczuixihuan\Maven\apache-maven-3.8.1\Maven仓库\org\slf4j\slf4j-api\2.0.12\slf4j-api-2.0.12.jar;"/>
    <property name="sun.cpu.endian" value="little"/>
    <property name="user.home" value="C:\Users\GH-022"/>
    <property name="user.language" value="zh"/>
    <property name="java.specification.vendor" value="Oracle Corporation"/>
    <property name="java.version.date" value="2024-01-16"/>
    <property name="java.home" value="D:\Program Files\Java\jdk-17"/>
    <property name="file.separator" value="\"/>
    <property name="basedir" value="D:\Program Files (x86)\practiceCode\microservices-new\product-service"/>
    <property name="java.vm.compressedOopsMode" value="Zero based"/>
    <property name="line.separator" value="&#10;"/>
    <property name="java.vm.specification.vendor" value="Oracle Corporation"/>
    <property name="java.specification.name" value="Java Platform API Specification"/>
    <property name="surefire.real.class.path" value="C:\Users\GH-022\AppData\Local\Temp\surefire10393809130942013367\surefirebooter-20240229120137059_3.jar"/>
    <property name="user.script" value=""/>
    <property name="sun.management.compiler" value="HotSpot 64-Bit Tiered Compilers"/>
    <property name="java.runtime.version" value="17.0.10+11-LTS-240"/>
    <property name="user.name" value="GH-022"/>
    <property name="path.separator" value=";"/>
    <property name="os.version" value="10.0"/>
    <property name="java.runtime.name" value="Java(TM) SE Runtime Environment"/>
    <property name="file.encoding" value="GBK"/>
    <property name="java.vm.name" value="Java HotSpot(TM) 64-Bit Server VM"/>
    <property name="localRepository" value="D:\cczuixihuan\Maven\apache-maven-3.8.1\Maven仓库"/>
    <property name="java.vendor.url.bug" value="https://bugreport.java.com/bugreport/"/>
    <property name="java.io.tmpdir" value="C:\Users\GH-022\AppData\Local\Temp\"/>
    <property name="idea.version" value="2023.3.4"/>
    <property name="java.version" value="17.0.10"/>
    <property name="user.dir" value="D:\Program Files (x86)\practiceCode\microservices-new\product-service"/>
    <property name="os.arch" value="amd64"/>
    <property name="java.vm.specification.name" value="Java Virtual Machine Specification"/>
    <property name="sun.os.patch.level" value=""/>
    <property name="native.encoding" value="GBK"/>
    <property name="java.library.path" value="D:\Program Files\Java\jdk-17\bin;C:\Windows\Sun\Java\bin;C:\Windows\system32;C:\Windows;%MAVEN_HOME%\bin;C:\Program Files\Common Files\Oracle\Java\javapath;%JAVA_HOME%\bin;D:\Program Files\redis;D:\Program Files\MySQL\MySQL Server 8.3\bin;C:\Program Files (x86)\Common Files\Oracle\Java\javapath;C:\Windows\system32;C:\Windows;C:\Windows\System32\Wbem;C:\Windows\System32\WindowsPowerShell\v1.0\;C:\Windows\System32\OpenSSH\;C:\Program Files\dotnet\;D:\Program Files\jdk\bin;C:\Program Files\TortoiseSVN\bin;C:\Program Files\Microsoft SQL Server\130\Tools\Binn\;;C:\Program Files\Docker\Docker\resources\bin;C:\Users\GH-022\AppData\Local\Microsoft\WindowsApps;;D:\Program Files\JetBrains\IntelliJ IDEA 2023.3.4\bin;;."/>
    <property name="java.vm.info" value="mixed mode, sharing"/>
    <property name="java.vendor" value="Oracle Corporation"/>
    <property name="java.vm.version" value="17.0.10+11-LTS-240"/>
    <property name="sun.io.unicode.encoding" value="UnicodeLittle"/>
    <property name="maven.repo.local" value="D:\cczuixihuan\Maven\apache-maven-3.8.1\Maven仓库"/>
    <property name="java.class.version" value="61.0"/>
  </properties>
  <testcase name="" classname="com.programmingtech.product.service.ApplicationTests" time="0.906">
    <error message="Could not find a valid Docker environment. Please see logs and check configuration" type="java.lang.IllegalStateException"><![CDATA[java.lang.IllegalStateException: Could not find a valid Docker environment. Please see logs and check configuration
	at org.testcontainers.dockerclient.DockerClientProviderStrategy.lambda$getFirstValidStrategy$7(DockerClientProviderStrategy.java:277)
	at java.base/java.util.Optional.orElseThrow(Optional.java:403)
	at org.testcontainers.dockerclient.DockerClientProviderStrategy.getFirstValidStrategy(DockerClientProviderStrategy.java:268)
	at org.testcontainers.DockerClientFactory.getOrInitializeStrategy(DockerClientFactory.java:152)
	at org.testcontainers.DockerClientFactory.client(DockerClientFactory.java:194)
	at org.testcontainers.DockerClientFactory$1.getDockerClient(DockerClientFactory.java:106)
	at com.github.dockerjava.api.DockerClientDelegate.authConfig(DockerClientDelegate.java:109)
	at org.testcontainers.containers.GenericContainer.start(GenericContainer.java:329)
	at org.testcontainers.junit.jupiter.TestcontainersExtension$StoreAdapter.start(TestcontainersExtension.java:280)
	at org.testcontainers.junit.jupiter.TestcontainersExtension$StoreAdapter.access$200(TestcontainersExtension.java:267)
	at org.testcontainers.junit.jupiter.TestcontainersExtension.lambda$null$4(TestcontainersExtension.java:82)
	at org.testcontainers.junit.jupiter.TestcontainersExtension.lambda$startContainers$5(TestcontainersExtension.java:82)
	at java.base/java.util.ArrayList.forEach(ArrayList.java:1511)
	at org.testcontainers.junit.jupiter.TestcontainersExtension.startContainers(TestcontainersExtension.java:82)
	at org.testcontainers.junit.jupiter.TestcontainersExtension.beforeAll(TestcontainersExtension.java:56)
	at java.base/java.util.ArrayList.forEach(ArrayList.java:1511)
]]></error>
    <system-out><![CDATA[12:01:37.820 [main] INFO org.testcontainers.images.PullPolicy -- Image pull policy will be performed by: DefaultPullPolicy()
12:01:37.827 [main] INFO org.testcontainers.utility.ImageNameSubstitutor -- Image name substitution will be performed by: DefaultImageNameSubstitutor (composite of 'ConfigurationFileImageNameSubstitutor' and 'PrefixingImageNameSubstitutor')
12:01:38.223 [main] INFO org.testcontainers.dockerclient.DockerClientProviderStrategy -- Loaded org.testcontainers.dockerclient.NpipeSocketClientProviderStrategy from ~/.testcontainers.properties, will try it first
12:01:38.237 [main] INFO org.testcontainers.dockerclient.DockerMachineClientProviderStrategy -- docker-machine executable was not found on PATH ([%MAVEN_HOME%\bin, C:\Program Files\Common Files\Oracle\Java\javapath, %JAVA_HOME%\bin, D:\Program Files\redis, D:\Program Files\MySQL\MySQL Server 8.3\bin, C:\Program Files (x86)\Common Files\Oracle\Java\javapath, C:\Windows\system32, C:\Windows, C:\Windows\System32\Wbem, C:\Windows\System32\WindowsPowerShell\v1.0\, C:\Windows\System32\OpenSSH\, C:\Program Files\dotnet\, D:\Program Files\jdk\bin, C:\Program Files\TortoiseSVN\bin, C:\Program Files\Microsoft SQL Server\130\Tools\Binn\, , C:\Program Files\Docker\Docker\resources\bin, C:\Users\GH-022\AppData\Local\Microsoft\WindowsApps, , D:\Program Files\JetBrains\IntelliJ IDEA 2023.3.4\bin])
12:01:38.239 [main] ERROR org.testcontainers.dockerclient.DockerClientProviderStrategy -- Could not find a valid Docker environment. Please check configuration. Attempted configurations were:
As no valid configuration was found, execution cannot continue.
See https://java.testcontainers.org/on_failure.html for more details.
12:01:38.367 [main] INFO org.springframework.test.context.support.AnnotationConfigContextLoaderUtils -- Could not detect default configuration classes for test class [com.programmingtech.product.service.ApplicationTests]: ApplicationTests does not declare any static, non-private, non-final, nested classes annotated with @Configuration.
12:01:38.535 [main] INFO org.springframework.boot.test.context.SpringBootTestContextBootstrapper -- Found @SpringBootConfiguration com.programmingtech.product.service.Application for test class com.programmingtech.product.service.ApplicationTests
]]></system-out>
  </testcase>
</testsuite>